<?xml version="1.0" encoding="UTF-8"?>
<testsuite xmlns:xsi="http://www.w3.org/2001/XMLSchema-instance" xsi:noNamespaceSchemaLocation="https://maven.apache.org/surefire/maven-surefire-plugin/xsd/surefire-test-report.xsd" name="runners.TestRunner2" time="0.01" tests="1" errors="1" skipped="0" failures="0">
  <properties>
[...]
</properties>
  <testcase name="initializationError" classname="runners.TestRunner2" time="0.01">
    <error message="Failed to parse resource at: file:///C:/Users/ARIF/Desktop/com.batch59Cucumber/src/test/resources/features/US1006_hotelMyCampNegativeLogin.feature&#10;(27:5): expected: #TagLine, #RuleLine, #Comment, #Empty, got &apos;Scenario            : TC11 yanlis kullanici adi ve yanlis sifre ile giris yapilamaz&apos;&#10;(28:7): expected: #TagLine, #RuleLine, #Comment, #Empty, got &apos;Given kullanici &quot;HMCUrl&quot; anasayfasinda&apos;&#10;(29:7): expected: #TagLine, #RuleLine, #Comment, #Empty, got &apos;Then Log in yazisina tiklar&apos;&#10;(30:7): expected: #TagLine, #RuleLine, #Comment, #Empty, got &apos;And gecersiz username girer&apos;&#10;(31:7): expected: #TagLine, #RuleLine, #Comment, #Empty, got &apos;And gecersiz password girer&apos;&#10;(32:7): expected: #TagLine, #RuleLine, #Comment, #Empty, got &apos;And Login butonuna basar&apos;&#10;(33:7): expected: #TagLine, #RuleLine, #Comment, #Empty, got &apos;Then sayfaya giris yapilamadigini test eder&apos;&#10;(34:7): expected: #TagLine, #RuleLine, #Comment, #Empty, got &apos;And sayfayi kapatir&apos;&#10;(35:0): unexpected end of file, expected: #TagLine, #RuleLine, #Comment, #Empty" type="io.cucumber.core.gherkin.FeatureParserException">io.cucumber.core.gherkin.FeatureParserException: 
Failed to parse resource at: file:///C:/Users/ARIF/Desktop/com.batch59Cucumber/src/test/resources/features/US1006_hotelMyCampNegativeLogin.feature
(27:5): expected: #TagLine, #RuleLine, #Comment, #Empty, got 'Scenario            : TC11 yanlis kullanici adi ve yanlis sifre ile giris yapilamaz'
(28:7): expected: #TagLine, #RuleLine, #Comment, #Empty, got 'Given kullanici "HMCUrl" anasayfasinda'
(29:7): expected: #TagLine, #RuleLine, #Comment, #Empty, got 'Then Log in yazisina tiklar'
(30:7): expected: #TagLine, #RuleLine, #Comment, #Empty, got 'And gecersiz username girer'
(31:7): expected: #TagLine, #RuleLine, #Comment, #Empty, got 'And gecersiz password girer'
(32:7): expected: #TagLine, #RuleLine, #Comment, #Empty, got 'And Login butonuna basar'
(33:7): expected: #TagLine, #RuleLine, #Comment, #Empty, got 'Then sayfaya giris yapilamadigini test eder'
(34:7): expected: #TagLine, #RuleLine, #Comment, #Empty, got 'And sayfayi kapatir'
(35:0): unexpected end of file, expected: #TagLine, #RuleLine, #Comment, #Empty
</error>
  </testcase>
</testsuite>